<?xml version="1.0" encoding="UTF-8"?>
<!-- Generated by org.testng.reporters.JUnitReportReporter -->
<testsuite skipped="0" hostname="Oms-MacBook-Air.local" name="Main.MainClass" tests="4" failures="0" timestamp="2020-11-27T13:20:24 EST" time="31.032" errors="0">
  <testcase name="check_signin_test_correct" time="4.825" classname="Main.MainClass"/>
  <system-out/>
  <testcase name="select_product" time="17.229" classname="Main.MainClass"/>
  <system-out/>
  <testcase name="check_add_to_cart_item" time="7.346" classname="Main.MainClass"/>
  <system-out/>
  <testcase name="check_logout_correct" time="1.632" classname="Main.MainClass"/>
  <system-out/>
</testsuite> <!-- Main.MainClass -->
